build/app/intermediates/manifest_merge_blame_file/debug/manifest-merger-blame-debug-report.txt
1<?xml version="1.0" encoding="utf-8"?>
2<manifest xmlns:android="http://schemas.android.com/apk/res/android"
3    package="com.example.addmob"
4    android:versionCode="1"
5    android:versionName="1.0.0" >
6
7    <uses-sdk
8        android:minSdkVersion="19"
9        android:targetSdkVersion="31" />
10    <!--
11         The INTERNET permission is required for development. Specifically,
12         the Flutter tool needs it to communicate with the running application
13         to allow setting breakpoints, to provide hot reload, etc.
14    -->
15    <uses-permission android:name="android.permission.INTERNET" />
15-->src\debug\AndroidManifest.xml:7:5-66
15-->src\debug\AndroidManifest.xml:7:22-64
16    <uses-permission android:name="android.permission.ACCESS_NETWORK_STATE" />
16-->[com.google.android.gms:play-services-ads-lite:21.1.0] AndroidManifest.xml:24:5-79
16-->[com.google.android.gms:play-services-ads-lite:21.1.0] AndroidManifest.xml:24:22-76
17    <uses-permission android:name="com.google.android.gms.permission.AD_ID" /> <!-- Android package visibility setting -->
17-->[com.google.android.gms:play-services-ads-lite:21.1.0] AndroidManifest.xml:25:5-79
17-->[com.google.android.gms:play-services-ads-lite:21.1.0] AndroidManifest.xml:25:22-76
18    <queries>
18-->[com.google.android.gms:play-services-ads-lite:21.1.0] AndroidManifest.xml:28:5-44:15
19
20        <!-- For browser content -->
21        <intent>
21-->[com.google.android.gms:play-services-ads-lite:21.1.0] AndroidManifest.xml:31:9-37:18
22            <action android:name="android.intent.action.VIEW" />
22-->[com.google.android.gms:play-services-ads-lite:21.1.0] AndroidManifest.xml:32:13-65
22-->[com.google.android.gms:play-services-ads-lite:21.1.0] AndroidManifest.xml:32:21-62
23
24            <category android:name="android.intent.category.BROWSABLE" />
24-->[com.google.android.gms:play-services-ads-lite:21.1.0] AndroidManifest.xml:34:13-74
24-->[com.google.android.gms:play-services-ads-lite:21.1.0] AndroidManifest.xml:34:23-71
25
26            <data android:scheme="https" />
26-->[com.google.android.gms:play-services-ads-lite:21.1.0] AndroidManifest.xml:36:13-44
26-->[com.google.android.gms:play-services-ads-lite:21.1.0] AndroidManifest.xml:36:19-41
27        </intent>
28        <!-- End of browser content -->
29        <!-- For CustomTabsService -->
30        <intent>
30-->[com.google.android.gms:play-services-ads-lite:21.1.0] AndroidManifest.xml:40:9-42:18
31            <action android:name="android.support.customtabs.action.CustomTabsService" />
31-->[com.google.android.gms:play-services-ads-lite:21.1.0] AndroidManifest.xml:41:13-90
31-->[com.google.android.gms:play-services-ads-lite:21.1.0] AndroidManifest.xml:41:21-87
32        </intent>
33        <!-- End of CustomTabsService -->
34    </queries>
35
36    <uses-permission android:name="android.permission.WAKE_LOCK" />
36-->[com.google.android.gms:play-services-measurement-sdk-api:20.1.2] AndroidManifest.xml:25:5-68
36-->[com.google.android.gms:play-services-measurement-sdk-api:20.1.2] AndroidManifest.xml:25:22-65
37    <uses-permission android:name="android.permission.RECEIVE_BOOT_COMPLETED" />
37-->[androidx.work:work-runtime:2.7.0] AndroidManifest.xml:27:5-81
37-->[androidx.work:work-runtime:2.7.0] AndroidManifest.xml:27:22-78
38    <uses-permission android:name="android.permission.FOREGROUND_SERVICE" />
38-->[androidx.work:work-runtime:2.7.0] AndroidManifest.xml:28:5-77
38-->[androidx.work:work-runtime:2.7.0] AndroidManifest.xml:28:22-74
39
40    <application
41        android:name="android.app.Application"
42        android:appComponentFactory="androidx.core.app.CoreComponentFactory"
42-->[androidx.core:core:1.6.0] AndroidManifest.xml:24:18-86
43        android:debuggable="true"
44        android:icon="@mipmap/ic_launcher"
45        android:label="addmob" >
46        <activity
47            android:name="com.example.addmob.MainActivity"
48            android:configChanges="orientation|keyboardHidden|keyboard|screenSize|smallestScreenSize|locale|layoutDirection|fontScale|screenLayout|density|uiMode"
49            android:exported="true"
50            android:hardwareAccelerated="true"
51            android:launchMode="singleTop"
52            android:theme="@style/LaunchTheme"
53            android:windowSoftInputMode="adjustResize" >
54
55            <!--
56                 Specifies an Android theme to apply to this Activity as soon as
57                 the Android process has started. This theme is visible to the user
58                 while the Flutter UI initializes. After that, this theme continues
59                 to determine the Window background behind the Flutter UI.
60            -->
61            <meta-data
62                android:name="io.flutter.embedding.android.NormalTheme"
63                android:resource="@style/NormalTheme" />
64
65            <intent-filter>
66                <action android:name="android.intent.action.MAIN" />
67
68                <category android:name="android.intent.category.LAUNCHER" />
69            </intent-filter>
70        </activity>
71        <!--
72             Don't delete the meta-data below.
73             This is used by the Flutter tool to generate GeneratedPluginRegistrant.java
74        -->
75        <meta-data
76            android:name="flutterEmbedding"
77            android:value="2" />
78        <meta-data
79            android:name="com.google.android.gms.ads.APPLICATION_ID"
80            android:value="ca-app-pub-4216236629592365~9420963675" />
81        <meta-data
81-->[:google_mobile_ads] AndroidManifest.xml:12:9-14:36
82            android:name="io.flutter.embedded_views_preview"
82-->[:google_mobile_ads] AndroidManifest.xml:13:13-61
83            android:value="true" />
83-->[:google_mobile_ads] AndroidManifest.xml:14:13-33
84
85        <uses-library
85-->[androidx.window:window:1.0.0-beta04] AndroidManifest.xml:25:9-27:40
86            android:name="androidx.window.extensions"
86-->[androidx.window:window:1.0.0-beta04] AndroidManifest.xml:26:13-54
87            android:required="false" />
87-->[androidx.window:window:1.0.0-beta04] AndroidManifest.xml:27:13-37
88        <uses-library
88-->[androidx.window:window:1.0.0-beta04] AndroidManifest.xml:28:9-30:40
89            android:name="androidx.window.sidecar"
89-->[androidx.window:window:1.0.0-beta04] AndroidManifest.xml:29:13-51
90            android:required="false" />
90-->[androidx.window:window:1.0.0-beta04] AndroidManifest.xml:30:13-37
91
92        <provider
92-->[androidx.lifecycle:lifecycle-process:2.2.0] AndroidManifest.xml:25:9-29:43
93            android:name="androidx.lifecycle.ProcessLifecycleOwnerInitializer"
93-->[androidx.lifecycle:lifecycle-process:2.2.0] AndroidManifest.xml:26:13-79
94            android:authorities="com.example.addmob.lifecycle-process"
94-->[androidx.lifecycle:lifecycle-process:2.2.0] AndroidManifest.xml:27:13-69
95            android:exported="false"
95-->[androidx.lifecycle:lifecycle-process:2.2.0] AndroidManifest.xml:28:13-37
96            android:multiprocess="true" /> <!-- Include the AdActivity and InAppPurchaseActivity configChanges and themes. -->
96-->[androidx.lifecycle:lifecycle-process:2.2.0] AndroidManifest.xml:29:13-40
97        <activity
97-->[com.google.android.gms:play-services-ads-lite:21.1.0] AndroidManifest.xml:49:9-53:64
98            android:name="com.google.android.gms.ads.AdActivity"
98-->[com.google.android.gms:play-services-ads-lite:21.1.0] AndroidManifest.xml:50:13-65
99            android:configChanges="keyboard|keyboardHidden|orientation|screenLayout|uiMode|screenSize|smallestScreenSize"
99-->[com.google.android.gms:play-services-ads-lite:21.1.0] AndroidManifest.xml:51:13-122
100            android:exported="false"
100-->[com.google.android.gms:play-services-ads-lite:21.1.0] AndroidManifest.xml:52:13-37
101            android:theme="@android:style/Theme.Translucent" />
101-->[com.google.android.gms:play-services-ads-lite:21.1.0] AndroidManifest.xml:53:13-61
102
103        <provider
103-->[com.google.android.gms:play-services-ads-lite:21.1.0] AndroidManifest.xml:55:9-59:39
104            android:name="com.google.android.gms.ads.MobileAdsInitProvider"
104-->[com.google.android.gms:play-services-ads-lite:21.1.0] AndroidManifest.xml:56:13-76
105            android:authorities="com.example.addmob.mobileadsinitprovider"
105-->[com.google.android.gms:play-services-ads-lite:21.1.0] AndroidManifest.xml:57:13-73
106            android:exported="false"
106-->[com.google.android.gms:play-services-ads-lite:21.1.0] AndroidManifest.xml:58:13-37
107            android:initOrder="100" />
107-->[com.google.android.gms:play-services-ads-lite:21.1.0] AndroidManifest.xml:59:13-36
108
109        <service
109-->[com.google.android.gms:play-services-ads-lite:21.1.0] AndroidManifest.xml:61:9-64:40
110            android:name="com.google.android.gms.ads.AdService"
110-->[com.google.android.gms:play-services-ads-lite:21.1.0] AndroidManifest.xml:62:13-64
111            android:enabled="true"
111-->[com.google.android.gms:play-services-ads-lite:21.1.0] AndroidManifest.xml:63:13-35
112            android:exported="false" />
112-->[com.google.android.gms:play-services-ads-lite:21.1.0] AndroidManifest.xml:64:13-37
113
114        <activity
114-->[com.google.android.gms:play-services-base:18.0.0] AndroidManifest.xml:20:9-22:45
115            android:name="com.google.android.gms.common.api.GoogleApiActivity"
115-->[com.google.android.gms:play-services-base:18.0.0] AndroidManifest.xml:20:19-85
116            android:exported="false"
116-->[com.google.android.gms:play-services-base:18.0.0] AndroidManifest.xml:22:19-43
117            android:theme="@android:style/Theme.Translucent.NoTitleBar" />
117-->[com.google.android.gms:play-services-base:18.0.0] AndroidManifest.xml:21:19-78
118
119        <meta-data
119-->[com.google.android.gms:play-services-basement:18.0.0] AndroidManifest.xml:21:9-23:69
120            android:name="com.google.android.gms.version"
120-->[com.google.android.gms:play-services-basement:18.0.0] AndroidManifest.xml:22:13-58
121            android:value="@integer/google_play_services_version" />
121-->[com.google.android.gms:play-services-basement:18.0.0] AndroidManifest.xml:23:13-66
122
123        <provider
123-->[androidx.work:work-runtime:2.7.0] AndroidManifest.xml:31:9-39:20
124            android:name="androidx.startup.InitializationProvider"
124-->[androidx.work:work-runtime:2.7.0] AndroidManifest.xml:32:13-67
125            android:authorities="com.example.addmob.androidx-startup"
125-->[androidx.work:work-runtime:2.7.0] AndroidManifest.xml:33:13-68
126            android:exported="false" >
126-->[androidx.work:work-runtime:2.7.0] AndroidManifest.xml:34:13-37
127            <meta-data
127-->[androidx.work:work-runtime:2.7.0] AndroidManifest.xml:36:13-38:52
128                android:name="androidx.work.WorkManagerInitializer"
128-->[androidx.work:work-runtime:2.7.0] AndroidManifest.xml:37:17-68
129                android:value="androidx.startup" />
129-->[androidx.work:work-runtime:2.7.0] AndroidManifest.xml:38:17-49
130        </provider>
131
132        <service
132-->[androidx.work:work-runtime:2.7.0] AndroidManifest.xml:41:9-46:35
133            android:name="androidx.work.impl.background.systemalarm.SystemAlarmService"
133-->[androidx.work:work-runtime:2.7.0] AndroidManifest.xml:42:13-88
134            android:directBootAware="false"
134-->[androidx.work:work-runtime:2.7.0] AndroidManifest.xml:43:13-44
135            android:enabled="@bool/enable_system_alarm_service_default"
135-->[androidx.work:work-runtime:2.7.0] AndroidManifest.xml:44:13-72
136            android:exported="false" />
136-->[androidx.work:work-runtime:2.7.0] AndroidManifest.xml:45:13-37
137        <service
137-->[androidx.work:work-runtime:2.7.0] AndroidManifest.xml:47:9-53:35
138            android:name="androidx.work.impl.background.systemjob.SystemJobService"
138-->[androidx.work:work-runtime:2.7.0] AndroidManifest.xml:48:13-84
139            android:directBootAware="false"
139-->[androidx.work:work-runtime:2.7.0] AndroidManifest.xml:49:13-44
140            android:enabled="@bool/enable_system_job_service_default"
140-->[androidx.work:work-runtime:2.7.0] AndroidManifest.xml:50:13-70
141            android:exported="true"
141-->[androidx.work:work-runtime:2.7.0] AndroidManifest.xml:51:13-36
142            android:permission="android.permission.BIND_JOB_SERVICE" />
142-->[androidx.work:work-runtime:2.7.0] AndroidManifest.xml:52:13-69
143        <service
143-->[androidx.work:work-runtime:2.7.0] AndroidManifest.xml:54:9-59:35
144            android:name="androidx.work.impl.foreground.SystemForegroundService"
144-->[androidx.work:work-runtime:2.7.0] AndroidManifest.xml:55:13-81
145            android:directBootAware="false"
145-->[androidx.work:work-runtime:2.7.0] AndroidManifest.xml:56:13-44
146            android:enabled="@bool/enable_system_foreground_service_default"
146-->[androidx.work:work-runtime:2.7.0] AndroidManifest.xml:57:13-77
147            android:exported="false" />
147-->[androidx.work:work-runtime:2.7.0] AndroidManifest.xml:58:13-37
148
149        <receiver
149-->[androidx.work:work-runtime:2.7.0] AndroidManifest.xml:61:9-66:35
150            android:name="androidx.work.impl.utils.ForceStopRunnable$BroadcastReceiver"
150-->[androidx.work:work-runtime:2.7.0] AndroidManifest.xml:62:13-88
151            android:directBootAware="false"
151-->[androidx.work:work-runtime:2.7.0] AndroidManifest.xml:63:13-44
152            android:enabled="true"
152-->[androidx.work:work-runtime:2.7.0] AndroidManifest.xml:64:13-35
153            android:exported="false" />
153-->[androidx.work:work-runtime:2.7.0] AndroidManifest.xml:65:13-37
154        <receiver
154-->[androidx.work:work-runtime:2.7.0] AndroidManifest.xml:67:9-77:20
155            android:name="androidx.work.impl.background.systemalarm.ConstraintProxy$BatteryChargingProxy"
155-->[androidx.work:work-runtime:2.7.0] AndroidManifest.xml:68:13-106
156            android:directBootAware="false"
156-->[androidx.work:work-runtime:2.7.0] AndroidManifest.xml:69:13-44
157            android:enabled="false"
157-->[androidx.work:work-runtime:2.7.0] AndroidManifest.xml:70:13-36
158            android:exported="false" >
158-->[androidx.work:work-runtime:2.7.0] AndroidManifest.xml:71:13-37
159            <intent-filter>
159-->[androidx.work:work-runtime:2.7.0] AndroidManifest.xml:73:13-76:29
160                <action android:name="android.intent.action.ACTION_POWER_CONNECTED" />
160-->[androidx.work:work-runtime:2.7.0] AndroidManifest.xml:74:17-87
160-->[androidx.work:work-runtime:2.7.0] AndroidManifest.xml:74:25-84
161                <action android:name="android.intent.action.ACTION_POWER_DISCONNECTED" />
161-->[androidx.work:work-runtime:2.7.0] AndroidManifest.xml:75:17-90
161-->[androidx.work:work-runtime:2.7.0] AndroidManifest.xml:75:25-87
162            </intent-filter>
163        </receiver>
164        <receiver
164-->[androidx.work:work-runtime:2.7.0] AndroidManifest.xml:78:9-88:20
165            android:name="androidx.work.impl.background.systemalarm.ConstraintProxy$BatteryNotLowProxy"
165-->[androidx.work:work-runtime:2.7.0] AndroidManifest.xml:79:13-104
166            android:directBootAware="false"
166-->[androidx.work:work-runtime:2.7.0] AndroidManifest.xml:80:13-44
167            android:enabled="false"
167-->[androidx.work:work-runtime:2.7.0] AndroidManifest.xml:81:13-36
168            android:exported="false" >
168-->[androidx.work:work-runtime:2.7.0] AndroidManifest.xml:82:13-37
169            <intent-filter>
169-->[androidx.work:work-runtime:2.7.0] AndroidManifest.xml:84:13-87:29
170                <action android:name="android.intent.action.BATTERY_OKAY" />
170-->[androidx.work:work-runtime:2.7.0] AndroidManifest.xml:85:17-77
170-->[androidx.work:work-runtime:2.7.0] AndroidManifest.xml:85:25-74
171                <action android:name="android.intent.action.BATTERY_LOW" />
171-->[androidx.work:work-runtime:2.7.0] AndroidManifest.xml:86:17-76
171-->[androidx.work:work-runtime:2.7.0] AndroidManifest.xml:86:25-73
172            </intent-filter>
173        </receiver>
174        <receiver
174-->[androidx.work:work-runtime:2.7.0] AndroidManifest.xml:89:9-99:20
175            android:name="androidx.work.impl.background.systemalarm.ConstraintProxy$StorageNotLowProxy"
175-->[androidx.work:work-runtime:2.7.0] AndroidManifest.xml:90:13-104
176            android:directBootAware="false"
176-->[androidx.work:work-runtime:2.7.0] AndroidManifest.xml:91:13-44
177            android:enabled="false"
177-->[androidx.work:work-runtime:2.7.0] AndroidManifest.xml:92:13-36
178            android:exported="false" >
178-->[androidx.work:work-runtime:2.7.0] AndroidManifest.xml:93:13-37
179            <intent-filter>
179-->[androidx.work:work-runtime:2.7.0] AndroidManifest.xml:95:13-98:29
180                <action android:name="android.intent.action.DEVICE_STORAGE_LOW" />
180-->[androidx.work:work-runtime:2.7.0] AndroidManifest.xml:96:17-83
180-->[androidx.work:work-runtime:2.7.0] AndroidManifest.xml:96:25-80
181                <action android:name="android.intent.action.DEVICE_STORAGE_OK" />
181-->[androidx.work:work-runtime:2.7.0] AndroidManifest.xml:97:17-82
181-->[androidx.work:work-runtime:2.7.0] AndroidManifest.xml:97:25-79
182            </intent-filter>
183        </receiver>
184        <receiver
184-->[androidx.work:work-runtime:2.7.0] AndroidManifest.xml:100:9-109:20
185            android:name="androidx.work.impl.background.systemalarm.ConstraintProxy$NetworkStateProxy"
185-->[androidx.work:work-runtime:2.7.0] AndroidManifest.xml:101:13-103
186            android:directBootAware="false"
186-->[androidx.work:work-runtime:2.7.0] AndroidManifest.xml:102:13-44
187            android:enabled="false"
187-->[androidx.work:work-runtime:2.7.0] AndroidManifest.xml:103:13-36
188            android:exported="false" >
188-->[androidx.work:work-runtime:2.7.0] AndroidManifest.xml:104:13-37
189            <intent-filter>
189-->[androidx.work:work-runtime:2.7.0] AndroidManifest.xml:106:13-108:29
190                <action android:name="android.net.conn.CONNECTIVITY_CHANGE" />
190-->[androidx.work:work-runtime:2.7.0] AndroidManifest.xml:107:17-79
190-->[androidx.work:work-runtime:2.7.0] AndroidManifest.xml:107:25-76
191            </intent-filter>
192        </receiver>
193        <receiver
193-->[androidx.work:work-runtime:2.7.0] AndroidManifest.xml:110:9-121:20
194            android:name="androidx.work.impl.background.systemalarm.RescheduleReceiver"
194-->[androidx.work:work-runtime:2.7.0] AndroidManifest.xml:111:13-88
195            android:directBootAware="false"
195-->[androidx.work:work-runtime:2.7.0] AndroidManifest.xml:112:13-44
196            android:enabled="false"
196-->[androidx.work:work-runtime:2.7.0] AndroidManifest.xml:113:13-36
197            android:exported="false" >
197-->[androidx.work:work-runtime:2.7.0] AndroidManifest.xml:114:13-37
198            <intent-filter>
198-->[androidx.work:work-runtime:2.7.0] AndroidManifest.xml:116:13-120:29
199                <action android:name="android.intent.action.BOOT_COMPLETED" />
199-->[androidx.work:work-runtime:2.7.0] AndroidManifest.xml:117:17-79
199-->[androidx.work:work-runtime:2.7.0] AndroidManifest.xml:117:25-76
200                <action android:name="android.intent.action.TIME_SET" />
200-->[androidx.work:work-runtime:2.7.0] AndroidManifest.xml:118:17-73
200-->[androidx.work:work-runtime:2.7.0] AndroidManifest.xml:118:25-70
201                <action android:name="android.intent.action.TIMEZONE_CHANGED" />
201-->[androidx.work:work-runtime:2.7.0] AndroidManifest.xml:119:17-81
201-->[androidx.work:work-runtime:2.7.0] AndroidManifest.xml:119:25-78
202            </intent-filter>
203        </receiver>
204        <receiver
204-->[androidx.work:work-runtime:2.7.0] AndroidManifest.xml:122:9-131:20
205            android:name="androidx.work.impl.background.systemalarm.ConstraintProxyUpdateReceiver"
205-->[androidx.work:work-runtime:2.7.0] AndroidManifest.xml:123:13-99
206            android:directBootAware="false"
206-->[androidx.work:work-runtime:2.7.0] AndroidManifest.xml:124:13-44
207            android:enabled="@bool/enable_system_alarm_service_default"
207-->[androidx.work:work-runtime:2.7.0] AndroidManifest.xml:125:13-72
208            android:exported="false" >
208-->[androidx.work:work-runtime:2.7.0] AndroidManifest.xml:126:13-37
209            <intent-filter>
209-->[androidx.work:work-runtime:2.7.0] AndroidManifest.xml:128:13-130:29
210                <action android:name="androidx.work.impl.background.systemalarm.UpdateProxies" />
210-->[androidx.work:work-runtime:2.7.0] AndroidManifest.xml:129:17-98
210-->[androidx.work:work-runtime:2.7.0] AndroidManifest.xml:129:25-95
211            </intent-filter>
212        </receiver>
213        <receiver
213-->[androidx.work:work-runtime:2.7.0] AndroidManifest.xml:132:9-142:20
214            android:name="androidx.work.impl.diagnostics.DiagnosticsReceiver"
214-->[androidx.work:work-runtime:2.7.0] AndroidManifest.xml:133:13-78
215            android:directBootAware="false"
215-->[androidx.work:work-runtime:2.7.0] AndroidManifest.xml:134:13-44
216            android:enabled="true"
216-->[androidx.work:work-runtime:2.7.0] AndroidManifest.xml:135:13-35
217            android:exported="true"
217-->[androidx.work:work-runtime:2.7.0] AndroidManifest.xml:136:13-36
218            android:permission="android.permission.DUMP" >
218-->[androidx.work:work-runtime:2.7.0] AndroidManifest.xml:137:13-57
219            <intent-filter>
219-->[androidx.work:work-runtime:2.7.0] AndroidManifest.xml:139:13-141:29
220                <action android:name="androidx.work.diagnostics.REQUEST_DIAGNOSTICS" />
220-->[androidx.work:work-runtime:2.7.0] AndroidManifest.xml:140:17-88
220-->[androidx.work:work-runtime:2.7.0] AndroidManifest.xml:140:25-85
221            </intent-filter>
222        </receiver>
223
224        <service
224-->[androidx.room:room-runtime:2.2.5] AndroidManifest.xml:25:9-28:40
225            android:name="androidx.room.MultiInstanceInvalidationService"
225-->[androidx.room:room-runtime:2.2.5] AndroidManifest.xml:26:13-74
226            android:directBootAware="true"
226-->[androidx.room:room-runtime:2.2.5] AndroidManifest.xml:27:13-43
227            android:exported="false" />
227-->[androidx.room:room-runtime:2.2.5] AndroidManifest.xml:28:13-37
228    </application>
229
230</manifest>